[2026-04-04 19:09:44] info: 	z2m: Logging to console, file (filename: log.log)
[2026-04-04 19:09:44] info: 	z2m: Starting Zigbee2MQTT version 2.9.2 (commit #unknown)
[2026-04-04 19:09:44] info: 	z2m: Starting zigbee-herdsman (10.0.5)
[2026-04-04 19:09:45] warning: 	zh:ezsp: 'ezsp' driver is deprecated and will only remain to provide support for older firmware (pre 7.4.x). Migration to 'ember' is recommended. If using Zigbee2MQTT see https://github.com/Koenkk/zigbee2mqtt/discussions/21462
[2026-04-04 19:09:50] info: 	z2m: zigbee-herdsman started (resumed)
[2026-04-04 19:09:50] info: 	z2m: Coordinator firmware version: '{"meta":{"maintrel":"3 ","majorrel":"6","minorrel":"10","product":8,"revision":"6.10.3.0 build 297"},"type":"EZSP v8"}'
[2026-04-04 19:09:50] info: 	z2m: Currently 0 devices are joined.
[2026-04-04 19:09:50] info: 	z2m: Connecting to MQTT server at mqtt://core-mosquitto:1883
[2026-04-04 19:09:50] info: 	z2m: Connected to MQTT server
[2026-04-04 19:09:50] info: 	z2m:mqtt: MQTT publish: topic 'zigbee2mqtt/bridge/state', payload '{"state":"online"}'
[2026-04-04 19:09:50] info: 	z2m: Started frontend on port 8099
[2026-04-04 19:09:50] info: 	z2m: Zigbee2MQTT started!
[2026-04-04 19:09:55] info: 	z2m:mqtt: MQTT publish: topic 'homeassistant/binary_sensor/1221051039810110150109113116116_0xe0798dfffed20c17/connection_state/config', payload '{"default_entity_id":"binary_sensor.zigbee2mqtt_bridge_connection_state","device":{"hw_version":"EZSP v8 6.10.3.0 build 297","identifiers":["zigbee2mqtt_bridge_0xe0798dfffed20c17"],"manufacturer":"Zigbee2MQTT","model":"Bridge","name":"Zigbee2MQTT Bridge","sw_version":"2.9.2"},"device_class":"connectivity","entity_category":"diagnostic","name":"Connection state","object_id":"zigbee2mqtt_bridge_connection_state","origin":{"name":"Zigbee2MQTT","sw":"2.9.2","url":"https://www.zigbee2mqtt.io"},"payload_off":"offline","payload_on":"online","state_topic":"zigbee2mqtt/bridge/state","unique_id":"bridge_0xe0798dfffed20c17_connection_state_zigbee2mqtt","value_template":"{{ value_json.state }}"}'
[2026-04-04 19:19:50] info: 	z2m:mqtt: MQTT publish: topic 'zigbee2mqtt/bridge/health', payload '{"response_time":1775323190823,"os":{"load_average":[0.42,0.4,0.3],"memory_used_mb":1076.43,"memory_percent":13.7318},"process":{"uptime_sec":612,"memory_used_mb":97.51,"memory_percent":1.2439},"mqtt":{"connected":true,"queued":0,"published":11,"received":13},"devices":{}}'
[2026-04-04 19:29:50] info: 	z2m:mqtt: MQTT publish: topic 'zigbee2mqtt/bridge/health', payload '{"response_time":1775323790821,"os":{"load_average":[0.37,0.38,0.31],"memory_used_mb":1081.57,"memory_percent":13.7974},"process":{"uptime_sec":1212,"memory_used_mb":97.89,"memory_percent":1.2487},"mqtt":{"connected":true,"queued":0,"published":13,"received":13},"devices":{}}'
[2026-04-04 19:39:50] info: 	z2m:mqtt: MQTT publish: topic 'zigbee2mqtt/bridge/health', payload '{"response_time":1775324390822,"os":{"load_average":[0.33,0.28,0.29],"memory_used_mb":1093.19,"memory_percent":13.9457},"process":{"uptime_sec":1812,"memory_used_mb":98.21,"memory_percent":1.2528},"mqtt":{"connected":true,"queued":0,"published":15,"received":13},"devices":{}}'
[2026-04-04 19:49:50] info: 	z2m:mqtt: MQTT publish: topic 'zigbee2mqtt/bridge/health', payload '{"response_time":1775324990824,"os":{"load_average":[0.27,0.25,0.26],"memory_used_mb":1092.88,"memory_percent":13.9417},"process":{"uptime_sec":2412,"memory_used_mb":98.13,"memory_percent":1.2519},"mqtt":{"connected":true,"queued":0,"published":17,"received":13},"devices":{}}'
[2026-04-04 19:59:50] info: 	z2m:mqtt: MQTT publish: topic 'zigbee2mqtt/bridge/health', payload '{"response_time":1775325590823,"os":{"load_average":[0.06,0.22,0.25],"memory_used_mb":1098.86,"memory_percent":14.018},"process":{"uptime_sec":3012,"memory_used_mb":98.26,"memory_percent":1.2535},"mqtt":{"connected":true,"queued":0,"published":19,"received":13},"devices":{}}'
[2026-04-04 20:09:50] info: 	z2m:mqtt: MQTT publish: topic 'zigbee2mqtt/bridge/health', payload '{"response_time":1775326190824,"os":{"load_average":[0.24,0.28,0.27],"memory_used_mb":1109.32,"memory_percent":14.1514},"process":{"uptime_sec":3612,"memory_used_mb":98.46,"memory_percent":1.2561},"mqtt":{"connected":true,"queued":0,"published":21,"received":13},"devices":{}}'
[2026-04-04 20:19:50] info: 	z2m:mqtt: MQTT publish: topic 'zigbee2mqtt/bridge/health', payload '{"response_time":1775326790825,"os":{"load_average":[0.08,0.23,0.26],"memory_used_mb":1103.51,"memory_percent":14.0773},"process":{"uptime_sec":4212,"memory_used_mb":98.37,"memory_percent":1.2549},"mqtt":{"connected":true,"queued":0,"published":23,"received":13},"devices":{}}'
[2026-04-04 20:29:50] info: 	z2m:mqtt: MQTT publish: topic 'zigbee2mqtt/bridge/health', payload '{"response_time":1775327390826,"os":{"load_average":[0.21,0.15,0.18],"memory_used_mb":1107.43,"memory_percent":14.1273},"process":{"uptime_sec":4812,"memory_used_mb":98.42,"memory_percent":1.2556},"mqtt":{"connected":true,"queued":0,"published":25,"received":13},"devices":{}}'
[2026-04-04 20:39:50] info: 	z2m:mqtt: MQTT publish: topic 'zigbee2mqtt/bridge/health', payload '{"response_time":1775327990827,"os":{"load_average":[0.21,0.18,0.18],"memory_used_mb":1107.79,"memory_percent":14.1319},"process":{"uptime_sec":5412,"memory_used_mb":98.52,"memory_percent":1.2568},"mqtt":{"connected":true,"queued":0,"published":27,"received":13},"devices":{}}'
[2026-04-04 20:49:50] info: 	z2m:mqtt: MQTT publish: topic 'zigbee2mqtt/bridge/health', payload '{"response_time":1775328590828,"os":{"load_average":[0.21,0.29,0.26],"memory_used_mb":1100.12,"memory_percent":14.0341},"process":{"uptime_sec":6012,"memory_used_mb":98.52,"memory_percent":1.2568},"mqtt":{"connected":true,"queued":0,"published":29,"received":15},"devices":{}}'
[2026-04-04 20:59:50] info: 	z2m:mqtt: MQTT publish: topic 'zigbee2mqtt/bridge/health', payload '{"response_time":1775329190829,"os":{"load_average":[0.54,0.51,0.39],"memory_used_mb":1105.15,"memory_percent":14.0982},"process":{"uptime_sec":6612,"memory_used_mb":98.66,"memory_percent":1.2586},"mqtt":{"connected":true,"queued":0,"published":31,"received":17},"devices":{}}'
[2026-04-04 21:09:50] info: 	z2m:mqtt: MQTT publish: topic 'zigbee2mqtt/bridge/health', payload '{"response_time":1775329790830,"os":{"load_average":[0.38,0.35,0.35],"memory_used_mb":1110.15,"memory_percent":14.162},"process":{"uptime_sec":7212,"memory_used_mb":98.56,"memory_percent":1.2573},"mqtt":{"connected":true,"queued":0,"published":33,"received":17},"devices":{}}'
[2026-04-04 21:19:50] info: 	z2m:mqtt: MQTT publish: topic 'zigbee2mqtt/bridge/health', payload '{"response_time":1775330390831,"os":{"load_average":[0.5,0.38,0.36],"memory_used_mb":1106.15,"memory_percent":14.111},"process":{"uptime_sec":7812,"memory_used_mb":98.74,"memory_percent":1.2596},"mqtt":{"connected":true,"queued":0,"published":35,"received":19},"devices":{}}'
[2026-04-04 21:29:50] info: 	z2m:mqtt: MQTT publish: topic 'zigbee2mqtt/bridge/health', payload '{"response_time":1775330990832,"os":{"load_average":[0.37,0.43,0.38],"memory_used_mb":1140.87,"memory_percent":14.5539},"process":{"uptime_sec":8412,"memory_used_mb":98.63,"memory_percent":1.2582},"mqtt":{"connected":true,"queued":0,"published":37,"received":19},"devices":{}}'
[2026-04-04 21:39:50] info: 	z2m:mqtt: MQTT publish: topic 'zigbee2mqtt/bridge/health', payload '{"response_time":1775331590833,"os":{"load_average":[0.14,0.29,0.33],"memory_used_mb":1144.28,"memory_percent":14.5974},"process":{"uptime_sec":9012,"memory_used_mb":98.68,"memory_percent":1.2589},"mqtt":{"connected":true,"queued":0,"published":39,"received":19},"devices":{}}'
[2026-04-04 21:49:50] info: 	z2m:mqtt: MQTT publish: topic 'zigbee2mqtt/bridge/health', payload '{"response_time":1775332190835,"os":{"load_average":[0.21,0.26,0.3],"memory_used_mb":1146.28,"memory_percent":14.6229},"process":{"uptime_sec":9612,"memory_used_mb":98.77,"memory_percent":1.26},"mqtt":{"connected":true,"queued":0,"published":41,"received":19},"devices":{}}'
[2026-04-04 21:59:50] info: 	z2m:mqtt: MQTT publish: topic 'zigbee2mqtt/bridge/health', payload '{"response_time":1775332790835,"os":{"load_average":[0.31,0.43,0.4],"memory_used_mb":1107.63,"memory_percent":14.1299},"process":{"uptime_sec":10212,"memory_used_mb":98.85,"memory_percent":1.261},"mqtt":{"connected":true,"queued":0,"published":43,"received":23},"devices":{}}'
[2026-04-04 22:09:50] info: 	z2m:mqtt: MQTT publish: topic 'zigbee2mqtt/bridge/health', payload '{"response_time":1775333390836,"os":{"load_average":[0.44,0.57,0.49],"memory_used_mb":1113.75,"memory_percent":14.208},"process":{"uptime_sec":10812,"memory_used_mb":98.95,"memory_percent":1.2623},"mqtt":{"connected":true,"queued":0,"published":45,"received":25},"devices":{}}'
[2026-04-04 22:19:50] info: 	z2m:mqtt: MQTT publish: topic 'zigbee2mqtt/bridge/health', payload '{"response_time":1775333990838,"os":{"load_average":[0.45,0.56,0.52],"memory_used_mb":1113.38,"memory_percent":14.2032},"process":{"uptime_sec":11412,"memory_used_mb":98.95,"memory_percent":1.2623},"mqtt":{"connected":true,"queued":0,"published":47,"received":27},"devices":{}}'
[2026-04-04 22:29:50] info: 	z2m:mqtt: MQTT publish: topic 'zigbee2mqtt/bridge/health', payload '{"response_time":1775334590840,"os":{"load_average":[0.29,0.31,0.39],"memory_used_mb":1141.5,"memory_percent":14.562},"process":{"uptime_sec":12012,"memory_used_mb":98.95,"memory_percent":1.2623},"mqtt":{"connected":true,"queued":0,"published":49,"received":27},"devices":{}}'
[2026-04-04 22:39:50] info: 	z2m:mqtt: MQTT publish: topic 'zigbee2mqtt/bridge/health', payload '{"response_time":1775335190841,"os":{"load_average":[0.57,0.35,0.34],"memory_used_mb":1147.5,"memory_percent":14.6384},"process":{"uptime_sec":12612,"memory_used_mb":98.95,"memory_percent":1.2623},"mqtt":{"connected":true,"queued":0,"published":51,"received":27},"devices":{}}'
[2026-04-04 22:49:50] info: 	z2m:mqtt: MQTT publish: topic 'zigbee2mqtt/bridge/health', payload '{"response_time":1775335790842,"os":{"load_average":[0.27,0.42,0.36],"memory_used_mb":1147.71,"memory_percent":14.6412},"process":{"uptime_sec":13212,"memory_used_mb":98.95,"memory_percent":1.2623},"mqtt":{"connected":true,"queued":0,"published":53,"received":27},"devices":{}}'
[2026-04-04 22:59:50] info: 	z2m:mqtt: MQTT publish: topic 'zigbee2mqtt/bridge/health', payload '{"response_time":1775336390843,"os":{"load_average":[0.78,0.53,0.42],"memory_used_mb":1149.82,"memory_percent":14.6681},"process":{"uptime_sec":13812,"memory_used_mb":99.13,"memory_percent":1.2646},"mqtt":{"connected":true,"queued":0,"published":55,"received":27},"devices":{}}'
[2026-04-04 23:09:50] info: 	z2m:mqtt: MQTT publish: topic 'zigbee2mqtt/bridge/health', payload '{"response_time":1775336990844,"os":{"load_average":[0.12,0.37,0.4],"memory_used_mb":1117.14,"memory_percent":14.2512},"process":{"uptime_sec":14412,"memory_used_mb":99.13,"memory_percent":1.2646},"mqtt":{"connected":true,"queued":0,"published":57,"received":29},"devices":{}}'
[2026-04-04 23:19:50] info: 	z2m:mqtt: MQTT publish: topic 'zigbee2mqtt/bridge/health', payload '{"response_time":1775337590845,"os":{"load_average":[0.48,0.38,0.37],"memory_used_mb":1135.68,"memory_percent":14.4877},"process":{"uptime_sec":15012,"memory_used_mb":99.27,"memory_percent":1.2664},"mqtt":{"connected":true,"queued":0,"published":59,"received":29},"devices":{}}'
[2026-04-04 23:29:50] info: 	z2m:mqtt: MQTT publish: topic 'zigbee2mqtt/bridge/health', payload '{"response_time":1775338190846,"os":{"load_average":[0.31,0.4,0.4],"memory_used_mb":1137.44,"memory_percent":14.5102},"process":{"uptime_sec":15612,"memory_used_mb":99.18,"memory_percent":1.2653},"mqtt":{"connected":true,"queued":0,"published":61,"received":29},"devices":{}}'
[2026-04-04 23:39:50] info: 	z2m:mqtt: MQTT publish: topic 'zigbee2mqtt/bridge/health', payload '{"response_time":1775338790847,"os":{"load_average":[0.39,0.41,0.43],"memory_used_mb":1134.5,"memory_percent":14.4726},"process":{"uptime_sec":16212,"memory_used_mb":99.29,"memory_percent":1.2666},"mqtt":{"connected":true,"queued":0,"published":63,"received":31},"devices":{}}'
[2026-04-04 23:49:50] info: 	z2m:mqtt: MQTT publish: topic 'zigbee2mqtt/bridge/health', payload '{"response_time":1775339390847,"os":{"load_average":[0.27,0.29,0.36],"memory_used_mb":1136.19,"memory_percent":14.4942},"process":{"uptime_sec":16812,"memory_used_mb":99.29,"memory_percent":1.2666},"mqtt":{"connected":true,"queued":0,"published":65,"received":33},"devices":{}}'
[2026-04-04 23:59:50] info: 	z2m:mqtt: MQTT publish: topic 'zigbee2mqtt/bridge/health', payload '{"response_time":1775339990848,"os":{"load_average":[0.28,0.37,0.36],"memory_used_mb":1117.12,"memory_percent":14.2509},"process":{"uptime_sec":17412,"memory_used_mb":99.36,"memory_percent":1.2675},"mqtt":{"connected":true,"queued":0,"published":67,"received":35},"devices":{}}'
[2026-04-05 00:09:50] info: 	z2m:mqtt: MQTT publish: topic 'zigbee2mqtt/bridge/health', payload '{"response_time":1775340590849,"os":{"load_average":[0.05,0.24,0.32],"memory_used_mb":1140.45,"memory_percent":14.5485},"process":{"uptime_sec":18012,"memory_used_mb":99.41,"memory_percent":1.2682},"mqtt":{"connected":true,"queued":0,"published":69,"received":35},"devices":{}}'
[2026-04-05 00:19:50] info: 	z2m:mqtt: MQTT publish: topic 'zigbee2mqtt/bridge/health', payload '{"response_time":1775341190851,"os":{"load_average":[0.3,0.38,0.36],"memory_used_mb":1135.94,"memory_percent":14.491},"process":{"uptime_sec":18612,"memory_used_mb":99.48,"memory_percent":1.269},"mqtt":{"connected":true,"queued":0,"published":71,"received":37},"devices":{}}'
[2026-04-05 00:29:50] info: 	z2m:mqtt: MQTT publish: topic 'zigbee2mqtt/bridge/health', payload '{"response_time":1775341790852,"os":{"load_average":[0.27,0.34,0.34],"memory_used_mb":1176.17,"memory_percent":15.0042},"process":{"uptime_sec":19212,"memory_used_mb":99.6,"memory_percent":1.2706},"mqtt":{"connected":true,"queued":0,"published":73,"received":37},"devices":{}}'
[2026-04-05 00:39:50] info: 	z2m:mqtt: MQTT publish: topic 'zigbee2mqtt/bridge/health', payload '{"response_time":1775342390853,"os":{"load_average":[0.65,0.51,0.4],"memory_used_mb":1169.01,"memory_percent":14.9128},"process":{"uptime_sec":19812,"memory_used_mb":99.54,"memory_percent":1.2698},"mqtt":{"connected":true,"queued":0,"published":75,"received":37},"devices":{}}'
[2026-04-05 00:49:50] info: 	z2m:mqtt: MQTT publish: topic 'zigbee2mqtt/bridge/health', payload '{"response_time":1775342990854,"os":{"load_average":[0.55,0.36,0.36],"memory_used_mb":1169.43,"memory_percent":14.9183},"process":{"uptime_sec":20412,"memory_used_mb":99.54,"memory_percent":1.2698},"mqtt":{"connected":true,"queued":0,"published":77,"received":37},"devices":{}}'
[2026-04-05 00:59:50] info: 	z2m:mqtt: MQTT publish: topic 'zigbee2mqtt/bridge/health', payload '{"response_time":1775343590855,"os":{"load_average":[0.48,0.43,0.37],"memory_used_mb":1173.75,"memory_percent":14.9733},"process":{"uptime_sec":21012,"memory_used_mb":99.54,"memory_percent":1.2698},"mqtt":{"connected":true,"queued":0,"published":79,"received":37},"devices":{}}'
[2026-04-05 01:09:50] info: 	z2m:mqtt: MQTT publish: topic 'zigbee2mqtt/bridge/health', payload '{"response_time":1775344190856,"os":{"load_average":[0.31,0.29,0.3],"memory_used_mb":1176.32,"memory_percent":15.0062},"process":{"uptime_sec":21612,"memory_used_mb":99.66,"memory_percent":1.2713},"mqtt":{"connected":true,"queued":0,"published":81,"received":37},"devices":{}}'
[2026-04-05 01:19:50] info: 	z2m:mqtt: MQTT publish: topic 'zigbee2mqtt/bridge/health', payload '{"response_time":1775344790857,"os":{"load_average":[0.24,0.29,0.32],"memory_used_mb":1142.95,"memory_percent":14.5804},"process":{"uptime_sec":22212,"memory_used_mb":99.61,"memory_percent":1.2708},"mqtt":{"connected":true,"queued":0,"published":83,"received":39},"devices":{}}'
[2026-04-05 01:29:50] info: 	z2m:mqtt: MQTT publish: topic 'zigbee2mqtt/bridge/health', payload '{"response_time":1775345390859,"os":{"load_average":[0.21,0.27,0.31],"memory_used_mb":1137.65,"memory_percent":14.5128},"process":{"uptime_sec":22812,"memory_used_mb":99.61,"memory_percent":1.2708},"mqtt":{"connected":true,"queued":0,"published":85,"received":41},"devices":{}}'
[2026-04-05 01:39:50] info: 	z2m:mqtt: MQTT publish: topic 'zigbee2mqtt/bridge/health', payload '{"response_time":1775345990859,"os":{"load_average":[0.41,0.34,0.34],"memory_used_mb":1135.17,"memory_percent":14.4812},"process":{"uptime_sec":23412,"memory_used_mb":99.64,"memory_percent":1.2711},"mqtt":{"connected":true,"queued":0,"published":87,"received":43},"devices":{}}'
[2026-04-05 01:44:44] info: 	z2m: Stopping Zigbee2MQTT (restart=false, code=0, signal=SIGTERM)
[2026-04-05 01:44:44] info: 	z2m:mqtt: MQTT publish: topic 'zigbee2mqtt/bridge/state', payload '{"state":"offline"}'
[2026-04-05 01:44:44] info: 	z2m: Disconnecting from MQTT server
[2026-04-05 01:44:44] info: 	z2m: Stopping zigbee-herdsman...
[2026-04-05 01:44:44] info: 	zh:controller: Wrote coordinator backup to '/config/zigbee2mqtt/coordinator_backup.json'
[2026-04-05 01:44:44] info: 	z2m: Stopped zigbee-herdsman
[2026-04-05 01:44:44] info: 	z2m: Stopped Zigbee2MQTT
